<?xml version="1.0" encoding="UTF-8"?>
<testsuite name="br.com.codenation.desafioexe.DesafioApplicationSubmitTest" tests="6" skipped="0" failures="0" errors="0" timestamp="2020-04-23T22:39:49" hostname="marcelodell3583" time="0.01">
  <properties/>
  <testcase name="fibonacciTemTamanho15" classname="br.com.codenation.desafioexe.DesafioApplicationSubmitTest" time="0.004"/>
  <testcase name="isNotFibonacci12" classname="br.com.codenation.desafioexe.DesafioApplicationSubmitTest" time="0.001"/>
  <testcase name="isFibonacci377" classname="br.com.codenation.desafioexe.DesafioApplicationSubmitTest" time="0.001"/>
  <testcase name="fibonacciSequenciaCorreta" classname="br.com.codenation.desafioexe.DesafioApplicationSubmitTest" time="0.001"/>
  <testcase name="isNotFibonacci355" classname="br.com.codenation.desafioexe.DesafioApplicationSubmitTest" time="0.001"/>
  <testcase name="isFibonacci13" classname="br.com.codenation.desafioexe.DesafioApplicationSubmitTest" time="0.001"/>
  <system-out><![CDATA[ Posição 0 = 0
 Posição 1 = 1
 Posição 2 = 1
 Posição 3 = 2
 Posição 4 = 3
 Posição 5 = 5
 Posição 6 = 8
 Posição 7 = 13
 Posição 8 = 21
 Posição 9 = 34
 Posição 10 = 55
 Posição 11 = 89
 Posição 12 = 144
 Posição 13 = 233
 Posição 14 = 377

 Posição 0 = 0
 Posição 1 = 1
 Posição 2 = 1
 Posição 3 = 2
 Posição 4 = 3
 Posição 5 = 5
 Posição 6 = 8
 Posição 7 = 13
 Posição 8 = 21
 Posição 9 = 34
 Posição 10 = 55
 Posição 11 = 89
 Posição 12 = 144
 Posição 13 = 233
 Posição 14 = 377

 Posição 0 = 0
 Posição 1 = 1
 Posição 2 = 1
 Posição 3 = 2
 Posição 4 = 3
 Posição 5 = 5
 Posição 6 = 8
 Posição 7 = 13
 Posição 8 = 21
 Posição 9 = 34
 Posição 10 = 55
 Posição 11 = 89
 Posição 12 = 144
 Posição 13 = 233
 Posição 14 = 377

 Posição 0 = 0
 Posição 1 = 1
 Posição 2 = 1
 Posição 3 = 2
 Posição 4 = 3
 Posição 5 = 5
 Posição 6 = 8
 Posição 7 = 13
 Posição 8 = 21
 Posição 9 = 34
 Posição 10 = 55
 Posição 11 = 89
 Posição 12 = 144
 Posição 13 = 233
 Posição 14 = 377

 Posição 0 = 0
 Posição 1 = 1
 Posição 2 = 1
 Posição 3 = 2
 Posição 4 = 3
 Posição 5 = 5
 Posição 6 = 8
 Posição 7 = 13
 Posição 8 = 21
 Posição 9 = 34
 Posição 10 = 55
 Posição 11 = 89
 Posição 12 = 144
 Posição 13 = 233
 Posição 14 = 377

 Posição 0 = 0
 Posição 1 = 1
 Posição 2 = 1
 Posição 3 = 2
 Posição 4 = 3
 Posição 5 = 5
 Posição 6 = 8
 Posição 7 = 13
 Posição 8 = 21
 Posição 9 = 34
 Posição 10 = 55
 Posição 11 = 89
 Posição 12 = 144
 Posição 13 = 233
 Posição 14 = 377

]]></system-out>
  <system-err><![CDATA[]]></system-err>
</testsuite>
